<?xml version="1.0" encoding="UTF-8"?>
<!-- Generated by org.testng.reporters.JUnitReportReporter -->
<testsuite skipped="0" hostname="DESKTOP-DH6VK0C" name="com.crm.qa.testcases.LoginTest" tests="3" failures="0" timestamp="2020-09-15T17:57:42 IST" time="30.991" errors="0">
  <testcase name="loginPageTitleTest" time="8.623" classname="com.crm.qa.testcases.LoginTest"/>
  <system-out/>
  <testcase name="crmlogoTest" time="9.431" classname="com.crm.qa.testcases.LoginTest"/>
  <system-out/>
  <testcase name="loginTest" time="12.937" classname="com.crm.qa.testcases.LoginTest"/>
  <system-out/>
</testsuite> <!-- com.crm.qa.testcases.LoginTest -->
