<?xml version="1.0" encoding="UTF-8"?>
<!-- Generated by org.testng.reporters.JUnitReportReporter -->
<testsuite skipped="0" hostname="DESKTOP-DH6VK0C" name="com.crm.qa.testcases.HomePageTest" tests="3" failures="0" timestamp="2020-09-15T17:57:42 IST" time="58.635" errors="0">
  <testcase name="verifyHomePageTitleTest" time="18.318" classname="com.crm.qa.testcases.HomePageTest"/>
  <system-out/>
  <testcase name="verifyUserNameTest" time="23.904" classname="com.crm.qa.testcases.HomePageTest"/>
  <system-out/>
  <testcase name="verifycompanieslinkTest" time="16.413" classname="com.crm.qa.testcases.HomePageTest"/>
  <system-out/>
</testsuite> <!-- com.crm.qa.testcases.HomePageTest -->
